# JRE version: OpenJDK Runtime Environment (21.0.7+6) (build 21.0.7+6-Ubuntu-0ubuntu124.04)
# Java VM: OpenJDK 64-Bit Server VM (21.0.7+6-Ubuntu-0ubuntu124.04, mixed mode, sharing, tiered, compressed oops, compressed class ptrs, g1 gc, linux-amd64)
GC Precious Log:
 CardTable entry size: 512
 Card Set container configuration: InlinePtr #cards 4 size 8 Array Of Cards #cards 64 size 144 Howl #buckets 8 coarsen threshold 14745 Howl Bitmap #cards 2048 size 272 coarsen threshold 1843 Card regions per heap region 1 cards per card region 16384
 CPUs: 16 total, 16 available
 Memory: 63715M
 Large Page Support: Disabled
 NUMA Support: Disabled
 Compressed Oops: Enabled (Zero based)
 Heap Region Size: 8M
 Heap Min Capacity: 8M
 Heap Initial Capacity: 1000M
 Heap Max Capacity: 15936M
 Pre-touch: Disabled
 Parallel Workers: 13
 Concurrent Workers: 3
 Concurrent Refinement Workers: 13
 Periodic GC: Disabled
Heap:
 garbage-first heap   total 114688K, used 71942K [0x000000041c000000, 0x0000000800000000)
  region size 8192K, 5 young (40960K), 1 survivors (8192K)
 Metaspace       used 66349K, committed 67072K, reserved 1114112K
  class space    used 6477K, committed 6784K, reserved 1048576K
GC Heap History (20 events):
Event: 2217.626 GC heap before
{Heap before GC invocations=79 (full 9):
 garbage-first heap   total 114688K, used 89695K [0x000000041c000000, 0x0000000800000000)
  region size 8192K, 6 young (49152K), 1 survivors (8192K)
 Metaspace       used 66349K, committed 67072K, reserved 1114112K
  class space    used 6477K, committed 6784K, reserved 1048576K
}
Event: 2217.627 GC heap after
{Heap after GC invocations=80 (full 9):
 garbage-first heap   total 114688K, used 48926K [0x000000041c000000, 0x0000000800000000)
  region size 8192K, 1 young (8192K), 1 survivors (8192K)
 Metaspace       used 66349K, committed 67072K, reserved 1114112K
  class space    used 6477K, committed 6784K, reserved 1048576K
}
Event: 2219.174 GC heap before
{Heap before GC invocations=80 (full 9):
 garbage-first heap   total 114688K, used 89886K [0x000000041c000000, 0x0000000800000000)
  region size 8192K, 6 young (49152K), 1 survivors (8192K)
 Metaspace       used 66349K, committed 67072K, reserved 1114112K
  class space    used 6477K, committed 6784K, reserved 1048576K
}
Event: 2219.175 GC heap after
{Heap after GC invocations=81 (full 9):
 garbage-first heap   total 114688K, used 48936K [0x000000041c000000, 0x0000000800000000)
  region size 8192K, 1 young (8192K), 1 survivors (8192K)
 Metaspace       used 66349K, committed 67072K, reserved 1114112K
  class space    used 6477K, committed 6784K, reserved 1048576K
}
Event: 2220.735 GC heap before
{Heap before GC invocations=81 (full 9):
 garbage-first heap   total 114688K, used 89896K [0x000000041c000000, 0x0000000800000000)
  region size 8192K, 6 young (49152K), 1 survivors (8192K)
 Metaspace       used 66349K, committed 67072K, reserved 1114112K
  class space    used 6477K, committed 6784K, reserved 1048576K
}
Event: 2220.736 GC heap after
{Heap after GC invocations=82 (full 9):
 garbage-first heap   total 114688K, used 48940K [0x000000041c000000, 0x0000000800000000)
  region size 8192K, 1 young (8192K), 1 survivors (8192K)
 Metaspace       used 66349K, committed 67072K, reserved 1114112K
  class space    used 6477K, committed 6784K, reserved 1048576K
}
Event: 2222.172 GC heap before
{Heap before GC invocations=82 (full 9):
 garbage-first heap   total 114688K, used 81708K [0x000000041c000000, 0x0000000800000000)
  region size 8192K, 6 young (49152K), 1 survivors (8192K)
 Metaspace       used 66349K, committed 67072K, reserved 1114112K
  class space    used 6477K, committed 6784K, reserved 1048576K
}
Event: 2222.280 GC heap after
{Heap after GC invocations=83 (full 10):
 garbage-first heap   total 114688K, used 47329K [0x000000041c000000, 0x0000000800000000)
  region size 8192K, 0 young (0K), 0 survivors (0K)
 Metaspace       used 66349K, committed 67072K, reserved 1114112K
  class space    used 6477K, committed 6784K, reserved 1048576K
}
Event: 2224.444 GC heap before
{Heap before GC invocations=83 (full 10):
 garbage-first heap   total 114688K, used 104673K [0x000000041c000000, 0x0000000800000000)
  region size 8192K, 7 young (57344K), 0 survivors (0K)
 Metaspace       used 66349K, committed 67072K, reserved 1114112K
  class space    used 6477K, committed 6784K, reserved 1048576K
}
Event: 2224.445 GC heap after
{Heap after GC invocations=84 (full 10):
 garbage-first heap   total 114688K, used 47343K [0x000000041c000000, 0x0000000800000000)
  region size 8192K, 1 young (8192K), 1 survivors (8192K)
 Metaspace       used 66349K, committed 67072K, reserved 1114112K
  class space    used 6477K, committed 6784K, reserved 1048576K
}
Event: 2225.976 GC heap before
{Heap before GC invocations=84 (full 10):
 garbage-first heap   total 114688K, used 88303K [0x000000041c000000, 0x0000000800000000)
  region size 8192K, 6 young (49152K), 1 survivors (8192K)
 Metaspace       used 66349K, committed 67072K, reserved 1114112K
  class space    used 6477K, committed 6784K, reserved 1048576K
}
Event: 2225.977 GC heap after
{Heap after GC invocations=85 (full 10):
 garbage-first heap   total 114688K, used 47348K [0x000000041c000000, 0x0000000800000000)
  region size 8192K, 1 young (8192K), 1 survivors (8192K)
 Metaspace       used 66349K, committed 67072K, reserved 1114112K
  class space    used 6477K, committed 6784K, reserved 1048576K
}
Event: 2227.528 GC heap before
{Heap before GC invocations=85 (full 10):
 garbage-first heap   total 114688K, used 88308K [0x000000041c000000, 0x0000000800000000)
  region size 8192K, 6 young (49152K), 1 survivors (8192K)
 Metaspace       used 66349K, committed 67072K, reserved 1114112K
  class space    used 6477K, committed 6784K, reserved 1048576K
}
Event: 2227.529 GC heap after
{Heap after GC invocations=86 (full 10):
 garbage-first heap   total 114688K, used 47349K [0x000000041c000000, 0x0000000800000000)
  region size 8192K, 1 young (8192K), 1 survivors (8192K)
 Metaspace       used 66349K, committed 67072K, reserved 1114112K
  class space    used 6477K, committed 6784K, reserved 1048576K
}
Event: 2229.082 GC heap before
{Heap before GC invocations=86 (full 10):
 garbage-first heap   total 114688K, used 88309K [0x000000041c000000, 0x0000000800000000)
  region size 8192K, 6 young (49152K), 1 survivors (8192K)
 Metaspace       used 66349K, committed 67072K, reserved 1114112K
  class space    used 6477K, committed 6784K, reserved 1048576K
}
Event: 2229.083 GC heap after
{Heap after GC invocations=87 (full 10):
 garbage-first heap   total 114688K, used 47356K [0x000000041c000000, 0x0000000800000000)
  region size 8192K, 1 young (8192K), 1 survivors (8192K)
 Metaspace       used 66349K, committed 67072K, reserved 1114112K
  class space    used 6477K, committed 6784K, reserved 1048576K
}
Event: 2230.634 GC heap before
{Heap before GC invocations=87 (full 10):
 garbage-first heap   total 114688K, used 88316K [0x000000041c000000, 0x0000000800000000)
  region size 8192K, 6 young (49152K), 1 survivors (8192K)
 Metaspace       used 66349K, committed 67072K, reserved 1114112K
  class space    used 6477K, committed 6784K, reserved 1048576K
}
Event: 2230.635 GC heap after
{Heap after GC invocations=88 (full 10):
 garbage-first heap   total 114688K, used 47360K [0x000000041c000000, 0x0000000800000000)
  region size 8192K, 1 young (8192K), 1 survivors (8192K)
 Metaspace       used 66349K, committed 67072K, reserved 1114112K
  class space    used 6477K, committed 6784K, reserved 1048576K
}
Event: 2232.180 GC heap before
{Heap before GC invocations=88 (full 10):
 garbage-first heap   total 114688K, used 88320K [0x000000041c000000, 0x0000000800000000)
  region size 8192K, 6 young (49152K), 1 survivors (8192K)
 Metaspace       used 66349K, committed 67072K, reserved 1114112K
  class space    used 6477K, committed 6784K, reserved 1048576K
}
Event: 2232.181 GC heap after
{Heap after GC invocations=89 (full 10):
 garbage-first heap   total 114688K, used 47366K [0x000000041c000000, 0x0000000800000000)
  region size 8192K, 1 young (8192K), 1 survivors (8192K)
 Metaspace       used 66349K, committed 67072K, reserved 1114112K
  class space    used 6477K, committed 6784K, reserved 1048576K
}

